<?xml version="1.0" encoding="UTF-8"?>
<testng-results skipped="0" failed="0" ignored="0" total="1" passed="1">
  <reporter-output>
  </reporter-output>
  <suite name="Suite" duration-ms="43292" started-at="2020-01-16T01:17:33 PST" finished-at="2020-01-16T01:18:16 PST">
    <groups>
    </groups>
    <test name="Login to Facebook" duration-ms="43292" started-at="2020-01-16T01:17:33 PST" finished-at="2020-01-16T01:18:16 PST">
      <class name="com.automation.facebook.main.TestBase">
        <test-method status="PASS" signature="setUp(java.lang.String)[pri:0, instance:com.automation.facebook.main.TestBase@394e1a0f]" name="setUp" is-config="true" duration-ms="3261" started-at="2020-01-16T01:17:33 PST" finished-at="2020-01-16T01:17:36 PST">
          <params>
            <param index="0">
              <value>
                <![CDATA[chrome]]>
              </value>
            </param>
          </params>
          <reporter-output>
          </reporter-output>
        </test-method> <!-- setUp -->
        <test-method status="PASS" signature="RunTests(java.lang.String, java.lang.String, java.lang.String)[pri:0, instance:com.automation.facebook.main.TestBase@394e1a0f]" name="RunTests" duration-ms="38921" started-at="2020-01-16T01:17:36 PST" finished-at="2020-01-16T01:18:15 PST">
          <params>
            <param index="0">
              <value>
                <![CDATA[https://www.facebook.com/]]>
              </value>
            </param>
            <param index="1">
              <value>
                <![CDATA[sumeetautomates@gmail.com]]>
              </value>
            </param>
            <param index="2">
              <value>
                <![CDATA[automation123]]>
              </value>
            </param>
          </params>
          <reporter-output>
          </reporter-output>
        </test-method> <!-- RunTests -->
        <test-method status="PASS" signature="tearDown()[pri:0, instance:com.automation.facebook.main.TestBase@394e1a0f]" name="tearDown" is-config="true" duration-ms="1080" started-at="2020-01-16T01:18:15 PST" finished-at="2020-01-16T01:18:16 PST">
          <reporter-output>
          </reporter-output>
        </test-method> <!-- tearDown -->
      </class> <!-- com.automation.facebook.main.TestBase -->
    </test> <!-- Login to Facebook -->
  </suite> <!-- Suite -->
</testng-results>
